<?xml version="1.0" encoding="UTF-8"?>
<coverage generated="1784184285074" clover="3.2.0">
  <project timestamp="1784184285074" name="All files">
    <metrics statements="28" coveredstatements="26" conditionals="17" coveredconditionals="13" methods="5" coveredmethods="5" elements="50" coveredelements="44" complexity="0" loc="28" ncloc="28" packages="3" files="4" classes="4"/>
    <package name="components.ui">
      <metrics statements="6" coveredstatements="6" conditionals="3" coveredconditionals="2" methods="2" coveredmethods="2"/>
      <file name="button.tsx" path="/Users/aqiang/Desktop/myGitHub/upload/dotNet Projects/UUcars/uucars-web/src/components/ui/button.tsx">
        <metrics statements="5" coveredstatements="5" conditionals="3" coveredconditionals="2" methods="1" coveredmethods="1"/>
        <line num="7" count="1" type="stmt"/>
        <line num="47" count="1" type="stmt"/>
        <line num="49" count="16" type="cond" truecount="1" falsecount="1"/>
        <line num="50" count="16" type="stmt"/>
        <line num="59" count="1" type="stmt"/>
      </file>
      <file name="input.tsx" path="/Users/aqiang/Desktop/myGitHub/upload/dotNet Projects/UUcars/uucars-web/src/components/ui/input.tsx">
        <metrics statements="1" coveredstatements="1" conditionals="0" coveredconditionals="0" methods="1" coveredmethods="1"/>
        <line num="6" count="32" type="stmt"/>
      </file>
    </package>
    <package name="lib">
      <metrics statements="1" coveredstatements="1" conditionals="0" coveredconditionals="0" methods="1" coveredmethods="1"/>
      <file name="utils.ts" path="/Users/aqiang/Desktop/myGitHub/upload/dotNet Projects/UUcars/uucars-web/src/lib/utils.ts">
        <metrics statements="1" coveredstatements="1" conditionals="0" coveredconditionals="0" methods="1" coveredmethods="1"/>
        <line num="5" count="48" type="stmt"/>
      </file>
    </package>
    <package name="pages">
      <metrics statements="21" coveredstatements="19" conditionals="14" coveredconditionals="11" methods="2" coveredmethods="2"/>
      <file name="LoginPage.tsx" path="/Users/aqiang/Desktop/myGitHub/upload/dotNet Projects/UUcars/uucars-web/src/pages/LoginPage.tsx">
        <metrics statements="21" coveredstatements="19" conditionals="14" coveredconditionals="11" methods="2" coveredmethods="2"/>
        <line num="14" count="1" type="stmt"/>
        <line num="28" count="16" type="stmt"/>
        <line num="30" count="16" type="stmt"/>
        <line num="31" count="16" type="stmt"/>
        <line num="34" count="16" type="stmt"/>
        <line num="40" count="16" type="stmt"/>
        <line num="46" count="16" type="stmt"/>
        <line num="47" count="16" type="stmt"/>
        <line num="51" count="16" type="stmt"/>
        <line num="53" count="2" type="stmt"/>
        <line num="55" count="2" type="stmt"/>
        <line num="57" count="2" type="stmt"/>
        <line num="61" count="1" type="stmt"/>
        <line num="65" count="1" type="cond" truecount="1" falsecount="1"/>
        <line num="66" count="0" type="stmt"/>
        <line num="67" count="1" type="cond" truecount="1" falsecount="1"/>
        <line num="68" count="0" type="stmt"/>
        <line num="70" count="1" type="stmt"/>
        <line num="75" count="1" type="cond" truecount="1" falsecount="1"/>
        <line num="76" count="1" type="stmt"/>
        <line num="80" count="16" type="stmt"/>
      </file>
    </package>
  </project>
</coverage>
