{"/Users/aqiang/Desktop/myGitHub/upload/dotNet Projects/UUcars/uucars-web/src/components/ui/button.tsx": {"path":"/Users/aqiang/Desktop/myGitHub/upload/dotNet Projects/UUcars/uucars-web/src/components/ui/button.tsx","statementMap":{"0":{"start":{"line":7,"column":6},"end":{"line":37,"column":null}},"1":{"start":{"line":47,"column":15},"end":{"line":58,"column":null}},"2":{"start":{"line":49,"column":17},"end":{"line":49,"column":null}},"3":{"start":{"line":50,"column":4},"end":{"line":55,"column":null}},"4":{"start":{"line":59,"column":0},"end":{"line":59,"column":null}}},"fnMap":{"0":{"name":"(anonymous_0)","decl":{"start":{"line":47,"column":21},"end":{"line":47,"column":null}},"loc":{"start":{"line":48,"column":68},"end":{"line":58,"column":null}},"line":48}},"branchMap":{"0":{"loc":{"start":{"line":48,"column":31},"end":{"line":48,"column":48}},"type":"default-arg","locations":[{"start":{"line":48,"column":41},"end":{"line":48,"column":48}}],"line":48},"1":{"loc":{"start":{"line":49,"column":17},"end":{"line":49,"column":null}},"type":"cond-expr","locations":[{"start":{"line":49,"column":27},"end":{"line":49,"column":34}},{"start":{"line":49,"column":34},"end":{"line":49,"column":null}}],"line":49}},"s":{"0":1,"1":1,"2":16,"3":16,"4":1},"f":{"0":16},"b":{"0":[16],"1":[0,16]},"meta":{"lastBranch":2,"lastFunction":1,"lastStatement":5,"seen":{"s:7:6:37:Infinity":0,"s:47:15:58:Infinity":1,"f:47:21:47:Infinity":0,"b:48:41:48:48":0,"s:49:17:49:Infinity":2,"b:49:27:49:34:49:34:49:Infinity":1,"s:50:4:55:Infinity":3,"s:59:0:59:Infinity":4},"fnNames":{}}}
,"/Users/aqiang/Desktop/myGitHub/upload/dotNet Projects/UUcars/uucars-web/src/components/ui/input.tsx": {"path":"/Users/aqiang/Desktop/myGitHub/upload/dotNet Projects/UUcars/uucars-web/src/components/ui/input.tsx","statementMap":{"0":{"start":{"line":6,"column":2},"end":{"line":25,"column":null}}},"fnMap":{"0":{"name":"Input","decl":{"start":{"line":5,"column":9},"end":{"line":5,"column":15}},"loc":{"start":{"line":5,"column":77},"end":{"line":25,"column":null}},"line":5}},"branchMap":{},"s":{"0":32},"f":{"0":32},"b":{},"meta":{"lastBranch":0,"lastFunction":1,"lastStatement":1,"seen":{"f:5:9:5:15":0,"s:6:2:25:Infinity":0},"fnNames":{}}}
,"/Users/aqiang/Desktop/myGitHub/upload/dotNet Projects/UUcars/uucars-web/src/lib/utils.ts": {"path":"/Users/aqiang/Desktop/myGitHub/upload/dotNet Projects/UUcars/uucars-web/src/lib/utils.ts","statementMap":{"0":{"start":{"line":5,"column":2},"end":{"line":5,"column":null}}},"fnMap":{"0":{"name":"cn","decl":{"start":{"line":4,"column":16},"end":{"line":4,"column":19}},"loc":{"start":{"line":4,"column":44},"end":{"line":5,"column":null}},"line":4}},"branchMap":{},"s":{"0":48},"f":{"0":48},"b":{},"meta":{"lastBranch":0,"lastFunction":1,"lastStatement":1,"seen":{"f:4:16:4:19":0,"s:5:2:5:Infinity":0},"fnNames":{}}}
,"/Users/aqiang/Desktop/myGitHub/upload/dotNet Projects/UUcars/uucars-web/src/pages/LoginPage.tsx": {"path":"/Users/aqiang/Desktop/myGitHub/upload/dotNet Projects/UUcars/uucars-web/src/pages/LoginPage.tsx","statementMap":{"0":{"start":{"line":14,"column":20},"end":{"line":17,"column":2}},"1":{"start":{"line":28,"column":8},"end":{"line":28,"column":32}},"2":{"start":{"line":30,"column":8},"end":{"line":30,"column":31}},"3":{"start":{"line":31,"column":10},"end":{"line":31,"column":36}},"4":{"start":{"line":34,"column":22},"end":{"line":34,"column":69}},"5":{"start":{"line":40,"column":25},"end":{"line":43,"column":4}},"6":{"start":{"line":46,"column":16},"end":{"line":46,"column":null}},"7":{"start":{"line":47,"column":15},"end":{"line":47,"column":null}},"8":{"start":{"line":51,"column":19},"end":{"line":76,"column":null}},"9":{"start":{"line":53,"column":4},"end":{"line":53,"column":null}},"10":{"start":{"line":55,"column":4},"end":{"line":76,"column":null}},"11":{"start":{"line":57,"column":21},"end":{"line":57,"column":46}},"12":{"start":{"line":61,"column":6},"end":{"line":61,"column":null}},"13":{"start":{"line":65,"column":6},"end":{"line":70,"column":null}},"14":{"start":{"line":66,"column":8},"end":{"line":66,"column":null}},"15":{"start":{"line":67,"column":17},"end":{"line":70,"column":null}},"16":{"start":{"line":68,"column":8},"end":{"line":68,"column":null}},"17":{"start":{"line":70,"column":8},"end":{"line":70,"column":null}},"18":{"start":{"line":75,"column":6},"end":{"line":76,"column":null}},"19":{"start":{"line":76,"column":8},"end":{"line":76,"column":null}},"20":{"start":{"line":80,"column":2},"end":{"line":261,"column":null}}},"fnMap":{"0":{"name":"LoginPage","decl":{"start":{"line":26,"column":24},"end":{"line":26,"column":36}},"loc":{"start":{"line":26,"column":36},"end":{"line":261,"column":null}},"line":26},"1":{"name":"(anonymous_1)","decl":{"start":{"line":51,"column":19},"end":{"line":51,"column":26}},"loc":{"start":{"line":51,"column":46},"end":{"line":76,"column":null}},"line":51}},"branchMap":{"0":{"loc":{"start":{"line":65,"column":6},"end":{"line":70,"column":null}},"type":"if","locations":[{"start":{"line":65,"column":6},"end":{"line":70,"column":null}},{"start":{"line":67,"column":17},"end":{"line":70,"column":null}}],"line":65},"1":{"loc":{"start":{"line":67,"column":17},"end":{"line":70,"column":null}},"type":"if","locations":[{"start":{"line":67,"column":17},"end":{"line":70,"column":null}},{"start":{"line":69,"column":13},"end":{"line":70,"column":null}}],"line":67},"2":{"loc":{"start":{"line":75,"column":6},"end":{"line":76,"column":null}},"type":"if","locations":[{"start":{"line":75,"column":6},"end":{"line":76,"column":null}},{"start":{},"end":{}}],"line":75},"3":{"loc":{"start":{"line":146,"column":13},"end":{"line":158,"column":null}},"type":"binary-expr","locations":[{"start":{"line":146,"column":13},"end":{"line":146,"column":null}},{"start":{"line":147,"column":14},"end":{"line":158,"column":null}}],"line":146},"4":{"loc":{"start":{"line":176,"column":15},"end":{"line":179,"column":null}},"type":"binary-expr","locations":[{"start":{"line":176,"column":15},"end":{"line":176,"column":null}},{"start":{"line":177,"column":16},"end":{"line":179,"column":null}}],"line":176},"5":{"loc":{"start":{"line":207,"column":15},"end":{"line":210,"column":null}},"type":"binary-expr","locations":[{"start":{"line":207,"column":15},"end":{"line":207,"column":null}},{"start":{"line":208,"column":16},"end":{"line":210,"column":null}}],"line":207},"6":{"loc":{"start":{"line":220,"column":15},"end":{"line":244,"column":null}},"type":"cond-expr","locations":[{"start":{"line":221,"column":16},"end":{"line":244,"column":null}},{"start":{"line":244,"column":16},"end":{"line":244,"column":null}}],"line":220}},"s":{"0":1,"1":16,"2":16,"3":16,"4":16,"5":16,"6":16,"7":16,"8":16,"9":2,"10":2,"11":2,"12":1,"13":1,"14":0,"15":1,"16":0,"17":1,"18":1,"19":1,"20":16},"f":{"0":16,"1":2},"b":{"0":[0,1],"1":[0,1],"2":[1,0],"3":[16,1],"4":[16,2],"5":[16,2],"6":[4,12]},"meta":{"lastBranch":7,"lastFunction":2,"lastStatement":21,"seen":{"s:14:20:17:2":0,"f:26:24:26:36":0,"s:28:8:28:32":1,"s:30:8:30:31":2,"s:31:10:31:36":3,"s:34:22:34:69":4,"s:40:25:43:4":5,"s:46:16:46:Infinity":6,"s:47:15:47:Infinity":7,"s:51:19:76:Infinity":8,"f:51:19:51:26":1,"s:53:4:53:Infinity":9,"s:55:4:76:Infinity":10,"s:57:21:57:46":11,"s:61:6:61:Infinity":12,"b:65:6:70:Infinity:67:17:70:Infinity":0,"s:65:6:70:Infinity":13,"s:66:8:66:Infinity":14,"b:67:17:70:Infinity:69:13:70:Infinity":1,"s:67:17:70:Infinity":15,"s:68:8:68:Infinity":16,"s:70:8:70:Infinity":17,"b:75:6:76:Infinity:undefined:undefined:undefined:undefined":2,"s:75:6:76:Infinity":18,"s:76:8:76:Infinity":19,"s:80:2:261:Infinity":20,"b:146:13:146:Infinity:147:14:158:Infinity":3,"b:176:15:176:Infinity:177:16:179:Infinity":4,"b:207:15:207:Infinity:208:16:210:Infinity":5,"b:221:16:244:Infinity:244:16:244:Infinity":6},"fnNames":{}}}
}
